C:\Program Files (x86)\Microsoft Visual Studio\2019\Community\MSBuild\Microsoft\VC\v160\Microsoft.CppBuild.targets(467,5): warning MSB8028: El directorio intermedio (Debug\) contiene archivos compartidos de otro proyecto (NavesL4.vcxproj). Esto puede dar lugar a un comportamiento incorrecto de limpieza y recompilación.
  GameLayer.cpp
D:\GitHub\2\sev2DVideogame\NavesL4\Audio.h(6,10): warning C4067: símbolos (token) inesperados después de la directiva del preprocesador; se esperaba una nueva línea
D:\GitHub\2\sev2DVideogame\NavesL4\GameLayer.cpp(59,12): warning C4244: 'argumento': conversión de 'time_t' a 'unsigned int'; posible pérdida de datos
D:\GitHub\2\sev2DVideogame\NavesL4\GameLayer.cpp(83,13): warning C4244: 'inicializando': conversión de 'int' a 'float'; posible pérdida de datos
D:\GitHub\2\sev2DVideogame\NavesL4\GameLayer.cpp(84,13): warning C4244: 'inicializando': conversión de 'int' a 'float'; posible pérdida de datos
D:\GitHub\2\sev2DVideogame\NavesL4\GameLayer.cpp(274,13): warning C4244: 'argumento': conversión de 'time_t' a 'unsigned int'; posible pérdida de datos
D:\GitHub\2\sev2DVideogame\NavesL4\GameLayer.cpp(283,13): warning C4244: 'argumento': conversión de 'time_t' a 'unsigned int'; posible pérdida de datos
D:\GitHub\2\sev2DVideogame\NavesL4\GameLayer.cpp(314,34): warning C4244: 'argumento': conversión de 'int' a 'float'; posible pérdida de datos
D:\GitHub\2\sev2DVideogame\NavesL4\GameLayer.cpp(314,30): warning C4244: 'argumento': conversión de 'int' a 'float'; posible pérdida de datos
D:\GitHub\2\sev2DVideogame\NavesL4\GameLayer.cpp(320,48): warning C4244: 'argumento': conversión de 'int' a 'float'; posible pérdida de datos
D:\GitHub\2\sev2DVideogame\NavesL4\GameLayer.cpp(320,44): warning C4244: 'argumento': conversión de 'int' a 'float'; posible pérdida de datos
D:\GitHub\2\sev2DVideogame\NavesL4\GameLayer.cpp(326,41): warning C4244: 'argumento': conversión de 'int' a 'float'; posible pérdida de datos
D:\GitHub\2\sev2DVideogame\NavesL4\GameLayer.cpp(326,37): warning C4244: 'argumento': conversión de 'int' a 'float'; posible pérdida de datos
D:\GitHub\2\sev2DVideogame\NavesL4\GameLayer.cpp(678,35): warning C4244: 'argumento': conversión de 'float' a 'int'; posible pérdida de datos
D:\GitHub\2\sev2DVideogame\NavesL4\GameLayer.cpp(678,26): warning C4244: 'argumento': conversión de 'float' a 'int'; posible pérdida de datos
D:\GitHub\2\sev2DVideogame\NavesL4\GameLayer.cpp(681,39): warning C4244: '=': conversión de 'float' a 'int'; posible pérdida de datos
D:\GitHub\2\sev2DVideogame\NavesL4\GameLayer.cpp(687,51): warning C4244: 'argumento': conversión de 'float' a 'int'; posible pérdida de datos
D:\GitHub\2\sev2DVideogame\NavesL4\GameLayer.cpp(687,42): warning C4244: 'argumento': conversión de 'float' a 'int'; posible pérdida de datos
D:\GitHub\2\sev2DVideogame\NavesL4\GameLayer.cpp(688,39): warning C4244: '=': conversión de 'float' a 'int'; posible pérdida de datos
D:\GitHub\2\sev2DVideogame\NavesL4\GameLayer.cpp(703,35): warning C4244: 'argumento': conversión de 'float' a 'int'; posible pérdida de datos
D:\GitHub\2\sev2DVideogame\NavesL4\GameLayer.cpp(703,26): warning C4244: 'argumento': conversión de 'float' a 'int'; posible pérdida de datos
  NavesL4.vcxproj -> D:\GitHub\2\sev2DVideogame\Debug\TanksBlitz.exe
