  Actor.cpp
D:\Escritorio 2\Plataformas Solución\NavesL4\Actor.cpp(11,12): warning C4244: '=': conversión de 'float' a 'int'; posible pérdida de datos
D:\Escritorio 2\Plataformas Solución\NavesL4\Actor.cpp(12,12): warning C4244: '=': conversión de 'float' a 'int'; posible pérdida de datos
D:\Escritorio 2\Plataformas Solución\NavesL4\Actor.cpp(31,32): warning C4244: '=': conversión de 'float' a 'int'; posible pérdida de datos
  Animation.cpp
D:\Escritorio 2\Plataformas Solución\NavesL4\Animation.cpp(11,21): warning C4244: '=': conversión de 'float' a 'int'; posible pérdida de datos
D:\Escritorio 2\Plataformas Solución\NavesL4\Animation.cpp(12,22): warning C4244: '=': conversión de 'float' a 'int'; posible pérdida de datos
D:\Escritorio 2\Plataformas Solución\NavesL4\Animation.cpp(13,20): warning C4244: '=': conversión de 'float' a 'int'; posible pérdida de datos
D:\Escritorio 2\Plataformas Solución\NavesL4\Animation.cpp(14,21): warning C4244: '=': conversión de 'float' a 'int'; posible pérdida de datos
D:\Escritorio 2\Plataformas Solución\NavesL4\Animation.cpp(29,13): warning C4244: '=': conversión de 'float' a 'int'; posible pérdida de datos
D:\Escritorio 2\Plataformas Solución\NavesL4\Animation.cpp(30,13): warning C4244: '=': conversión de 'float' a 'int'; posible pérdida de datos
D:\Escritorio 2\Plataformas Solución\NavesL4\Animation.cpp(54,26): warning C4244: '=': conversión de 'float' a 'int'; posible pérdida de datos
D:\Escritorio 2\Plataformas Solución\NavesL4\Animation.cpp(62,20): warning C4244: '=': conversión de 'float' a 'int'; posible pérdida de datos
D:\Escritorio 2\Plataformas Solución\NavesL4\Animation.cpp(63,20): warning C4244: '=': conversión de 'float' a 'int'; posible pérdida de datos
  Audio.cpp
D:\Escritorio 2\Plataformas Solución\NavesL4\Audio.h(6,10): warning C4067: símbolos (token) inesperados después de la directiva del preprocesador; se esperaba una nueva línea
  Background.cpp
D:\Escritorio 2\Plataformas Solución\NavesL4\Background.cpp(19,9): warning C4244: '=': conversión de 'float' a 'int'; posible pérdida de datos
  Enemy.cpp
D:\Escritorio 2\Plataformas Solución\NavesL4\Enemy.cpp(8,57): warning C4244: 'argumento': conversión de 'int' a 'float'; posible pérdida de datos
D:\Escritorio 2\Plataformas Solución\NavesL4\Enemy.cpp(8,50): warning C4244: 'argumento': conversión de 'int' a 'float'; posible pérdida de datos
D:\Escritorio 2\Plataformas Solución\NavesL4\Enemy.cpp(11,63): warning C4244: 'argumento': conversión de 'int' a 'float'; posible pérdida de datos
D:\Escritorio 2\Plataformas Solución\NavesL4\Enemy.cpp(11,56): warning C4244: 'argumento': conversión de 'int' a 'float'; posible pérdida de datos
D:\Escritorio 2\Plataformas Solución\NavesL4\Enemy.cpp(80,31): warning C4244: 'argumento': conversión de 'int' a 'float'; posible pérdida de datos
  Game.cpp
D:\Escritorio 2\Plataformas Solución\NavesL4\Audio.h(6,10): warning C4067: símbolos (token) inesperados después de la directiva del preprocesador; se esperaba una nueva línea
D:\Escritorio 2\Plataformas Solución\NavesL4\Game.cpp(68,56): warning C4244: 'argumento': conversión de 'float' a 'int'; posible pérdida de datos
D:\Escritorio 2\Plataformas Solución\NavesL4\Game.cpp(68,35): warning C4244: 'argumento': conversión de 'float' a 'int'; posible pérdida de datos
  GameLayer.cpp
D:\Escritorio 2\Plataformas Solución\NavesL4\Audio.h(6,10): warning C4067: símbolos (token) inesperados después de la directiva del preprocesador; se esperaba una nueva línea
D:\Escritorio 2\Plataformas Solución\NavesL4\GameLayer.cpp(19,95): warning C4305: 'argumento': truncamiento de 'double' a 'float'
D:\Escritorio 2\Plataformas Solución\NavesL4\GameLayer.cpp(29,66): warning C4305: 'argumento': truncamiento de 'double' a 'float'
D:\Escritorio 2\Plataformas Solución\NavesL4\GameLayer.cpp(55,33): warning C4267: '=': conversión de 'size_t' a 'int'; posible pérdida de datos
D:\Escritorio 2\Plataformas Solución\NavesL4\GameLayer.cpp(60,13): warning C4244: 'inicializando': conversión de 'int' a 'float'; posible pérdida de datos
D:\Escritorio 2\Plataformas Solución\NavesL4\GameLayer.cpp(61,13): warning C4244: 'inicializando': conversión de 'int' a 'float'; posible pérdida de datos
D:\Escritorio 2\Plataformas Solución\NavesL4\GameLayer.cpp(306,24): warning C4244: '=': conversión de 'double' a 'float'; posible pérdida de datos
D:\Escritorio 2\Plataformas Solución\NavesL4\GameLayer.cpp(313,24): warning C4244: '=': conversión de 'double' a 'float'; posible pérdida de datos
D:\Escritorio 2\Plataformas Solución\NavesL4\GameLayer.cpp(398,35): warning C4244: 'argumento': conversión de 'float' a 'int'; posible pérdida de datos
D:\Escritorio 2\Plataformas Solución\NavesL4\GameLayer.cpp(398,26): warning C4244: 'argumento': conversión de 'float' a 'int'; posible pérdida de datos
D:\Escritorio 2\Plataformas Solución\NavesL4\GameLayer.cpp(401,39): warning C4244: '=': conversión de 'float' a 'int'; posible pérdida de datos
D:\Escritorio 2\Plataformas Solución\NavesL4\GameLayer.cpp(403,43): warning C4244: 'argumento': conversión de 'float' a 'int'; posible pérdida de datos
D:\Escritorio 2\Plataformas Solución\NavesL4\GameLayer.cpp(403,34): warning C4244: 'argumento': conversión de 'float' a 'int'; posible pérdida de datos
D:\Escritorio 2\Plataformas Solución\NavesL4\GameLayer.cpp(406,42): warning C4244: 'argumento': conversión de 'float' a 'int'; posible pérdida de datos
D:\Escritorio 2\Plataformas Solución\NavesL4\GameLayer.cpp(406,33): warning C4244: 'argumento': conversión de 'float' a 'int'; posible pérdida de datos
D:\Escritorio 2\Plataformas Solución\NavesL4\GameLayer.cpp(413,51): warning C4244: 'argumento': conversión de 'float' a 'int'; posible pérdida de datos
D:\Escritorio 2\Plataformas Solución\NavesL4\GameLayer.cpp(413,42): warning C4244: 'argumento': conversión de 'float' a 'int'; posible pérdida de datos
D:\Escritorio 2\Plataformas Solución\NavesL4\GameLayer.cpp(414,39): warning C4244: '=': conversión de 'float' a 'int'; posible pérdida de datos
D:\Escritorio 2\Plataformas Solución\NavesL4\GameLayer.cpp(425,43): warning C4244: 'argumento': conversión de 'float' a 'int'; posible pérdida de datos
D:\Escritorio 2\Plataformas Solución\NavesL4\GameLayer.cpp(425,34): warning C4244: 'argumento': conversión de 'float' a 'int'; posible pérdida de datos
D:\Escritorio 2\Plataformas Solución\NavesL4\GameLayer.cpp(428,42): warning C4244: 'argumento': conversión de 'float' a 'int'; posible pérdida de datos
D:\Escritorio 2\Plataformas Solución\NavesL4\GameLayer.cpp(428,33): warning C4244: 'argumento': conversión de 'float' a 'int'; posible pérdida de datos
D:\Escritorio 2\Plataformas Solución\NavesL4\GameLayer.cpp(435,35): warning C4244: 'argumento': conversión de 'float' a 'int'; posible pérdida de datos
D:\Escritorio 2\Plataformas Solución\NavesL4\GameLayer.cpp(435,26): warning C4244: 'argumento': conversión de 'float' a 'int'; posible pérdida de datos
D:\Escritorio 2\Plataformas Solución\NavesL4\GameLayer.cpp(441,43): warning C4244: 'argumento': conversión de 'float' a 'int'; posible pérdida de datos
D:\Escritorio 2\Plataformas Solución\NavesL4\GameLayer.cpp(441,34): warning C4244: 'argumento': conversión de 'float' a 'int'; posible pérdida de datos
D:\Escritorio 2\Plataformas Solución\NavesL4\GameLayer.cpp(444,42): warning C4244: 'argumento': conversión de 'float' a 'int'; posible pérdida de datos
D:\Escritorio 2\Plataformas Solución\NavesL4\GameLayer.cpp(444,33): warning C4244: 'argumento': conversión de 'float' a 'int'; posible pérdida de datos
  Layer.cpp
  Main.cpp
  MenuLayer.cpp
D:\Escritorio 2\Plataformas Solución\NavesL4\MenuLayer.cpp(92,38): warning C4244: 'argumento': conversión de 'float' a 'int'; posible pérdida de datos
D:\Escritorio 2\Plataformas Solución\NavesL4\MenuLayer.cpp(92,29): warning C4244: 'argumento': conversión de 'float' a 'int'; posible pérdida de datos
  Pad.cpp
  Player.cpp
D:\Escritorio 2\Plataformas Solución\NavesL4\Audio.h(6,10): warning C4067: símbolos (token) inesperados después de la directiva del preprocesador; se esperaba una nueva línea
D:\Escritorio 2\Plataformas Solución\NavesL4\Player.cpp(11,10): warning C4244: 'argumento': conversión de 'int' a 'float'; posible pérdida de datos
D:\Escritorio 2\Plataformas Solución\NavesL4\Player.cpp(11,3): warning C4244: 'argumento': conversión de 'int' a 'float'; posible pérdida de datos
D:\Escritorio 2\Plataformas Solución\NavesL4\Player.cpp(13,10): warning C4244: 'argumento': conversión de 'int' a 'float'; posible pérdida de datos
D:\Escritorio 2\Plataformas Solución\NavesL4\Player.cpp(13,3): warning C4244: 'argumento': conversión de 'int' a 'float'; posible pérdida de datos
D:\Escritorio 2\Plataformas Solución\NavesL4\Player.cpp(16,10): warning C4244: 'argumento': conversión de 'int' a 'float'; posible pérdida de datos
D:\Escritorio 2\Plataformas Solución\NavesL4\Player.cpp(16,3): warning C4244: 'argumento': conversión de 'int' a 'float'; posible pérdida de datos
D:\Escritorio 2\Plataformas Solución\NavesL4\Player.cpp(18,10): warning C4244: 'argumento': conversión de 'int' a 'float'; posible pérdida de datos
D:\Escritorio 2\Plataformas Solución\NavesL4\Player.cpp(18,3): warning C4244: 'argumento': conversión de 'int' a 'float'; posible pérdida de datos
D:\Escritorio 2\Plataformas Solución\NavesL4\Player.cpp(19,68): warning C4244: 'argumento': conversión de 'int' a 'float'; posible pérdida de datos
D:\Escritorio 2\Plataformas Solución\NavesL4\Player.cpp(19,61): warning C4244: 'argumento': conversión de 'int' a 'float'; posible pérdida de datos
D:\Escritorio 2\Plataformas Solución\NavesL4\Player.cpp(21,69): warning C4244: 'argumento': conversión de 'int' a 'float'; posible pérdida de datos
D:\Escritorio 2\Plataformas Solución\NavesL4\Player.cpp(21,62): warning C4244: 'argumento': conversión de 'int' a 'float'; posible pérdida de datos
D:\Escritorio 2\Plataformas Solución\NavesL4\Player.cpp(23,76): warning C4244: 'argumento': conversión de 'int' a 'float'; posible pérdida de datos
D:\Escritorio 2\Plataformas Solución\NavesL4\Player.cpp(23,69): warning C4244: 'argumento': conversión de 'int' a 'float'; posible pérdida de datos
D:\Escritorio 2\Plataformas Solución\NavesL4\Player.cpp(25,77): warning C4244: 'argumento': conversión de 'int' a 'float'; posible pérdida de datos
D:\Escritorio 2\Plataformas Solución\NavesL4\Player.cpp(25,70): warning C4244: 'argumento': conversión de 'int' a 'float'; posible pérdida de datos
D:\Escritorio 2\Plataformas Solución\NavesL4\Player.cpp(27,77): warning C4244: 'argumento': conversión de 'int' a 'float'; posible pérdida de datos
D:\Escritorio 2\Plataformas Solución\NavesL4\Player.cpp(27,70): warning C4244: 'argumento': conversión de 'int' a 'float'; posible pérdida de datos
D:\Escritorio 2\Plataformas Solución\NavesL4\Player.cpp(137,46): warning C4244: 'argumento': conversión de 'int' a 'float'; posible pérdida de datos
D:\Escritorio 2\Plataformas Solución\NavesL4\Player.cpp(137,43): warning C4244: 'argumento': conversión de 'int' a 'float'; posible pérdida de datos
D:\Escritorio 2\Plataformas Solución\NavesL4\Player.cpp(150,32): warning C4244: 'argumento': conversión de 'int' a 'float'; posible pérdida de datos
D:\Escritorio 2\Plataformas Solución\NavesL4\Player.cpp(154,33): warning C4244: 'argumento': conversión de 'int' a 'float'; posible pérdida de datos
  Projectile.cpp
  Space.cpp
D:\Escritorio 2\Plataformas Solución\NavesL4\Space.cpp(34,30): warning C4244: 'inicializando': conversión de 'float' a 'int'; posible pérdida de datos
D:\Escritorio 2\Plataformas Solución\NavesL4\Space.cpp(64,26): warning C4244: '=': conversión de 'int' a 'float'; posible pérdida de datos
D:\Escritorio 2\Plataformas Solución\NavesL4\Space.cpp(71,30): warning C4244: 'inicializando': conversión de 'float' a 'int'; posible pérdida de datos
D:\Escritorio 2\Plataformas Solución\NavesL4\Space.cpp(103,26): warning C4244: '=': conversión de 'int' a 'float'; posible pérdida de datos
D:\Escritorio 2\Plataformas Solución\NavesL4\Space.cpp(110,30): warning C4244: 'inicializando': conversión de 'float' a 'int'; posible pérdida de datos
D:\Escritorio 2\Plataformas Solución\NavesL4\Space.cpp(142,26): warning C4244: '=': conversión de 'int' a 'float'; posible pérdida de datos
D:\Escritorio 2\Plataformas Solución\NavesL4\Space.cpp(150,30): warning C4244: 'inicializando': conversión de 'float' a 'int'; posible pérdida de datos
D:\Escritorio 2\Plataformas Solución\NavesL4\Space.cpp(191,26): warning C4244: '=': conversión de 'int' a 'float'; posible pérdida de datos
  Text.cpp
D:\Escritorio 2\Plataformas Solución\NavesL4\Text.cpp(5,12): warning C4244: '=': conversión de 'float' a 'int'; posible pérdida de datos
D:\Escritorio 2\Plataformas Solución\NavesL4\Text.cpp(6,12): warning C4244: '=': conversión de 'float' a 'int'; posible pérdida de datos
  Tile.cpp
  Generando código...
Actor.obj : error LNK2019: símbolo externo SDL_RenderCopyEx sin resolver al que se hace referencia en la función "public: virtual void __cdecl Actor::draw(float)" (?draw@Actor@@UEAAXM@Z)
Animation.obj : error LNK2001: símbolo externo SDL_RenderCopyEx sin resolver
Audio.obj : error LNK2019: símbolo externo SDL_RWFromFile sin resolver al que se hace referencia en la función "public: __cdecl Audio::Audio(class std::basic_string<char,struct std::char_traits<char>,class std::allocator<char> >,bool)" (??0Audio@@QEAA@V?$basic_string@DU?$char_traits@D@std@@V?$allocator@D@2@@std@@_N@Z)
Audio.obj : error LNK2019: símbolo externo SDL_OpenAudioDevice sin resolver al que se hace referencia en la función "public: __cdecl Audio::Audio(class std::basic_string<char,struct std::char_traits<char>,class std::allocator<char> >,bool)" (??0Audio@@QEAA@V?$basic_string@DU?$char_traits@D@std@@V?$allocator@D@2@@std@@_N@Z)
Audio.obj : error LNK2019: símbolo externo SDL_PauseAudioDevice sin resolver al que se hace referencia en la función "public: void __cdecl Audio::play(void)" (?play@Audio@@QEAAXXZ)
Audio.obj : error LNK2019: símbolo externo SDL_LoadWAV_RW sin resolver al que se hace referencia en la función "public: __cdecl Audio::Audio(class std::basic_string<char,struct std::char_traits<char>,class std::allocator<char> >,bool)" (??0Audio@@QEAA@V?$basic_string@DU?$char_traits@D@std@@V?$allocator@D@2@@std@@_N@Z)
Audio.obj : error LNK2019: símbolo externo SDL_FreeWAV sin resolver al que se hace referencia en la función "public: __cdecl Audio::~Audio(void)" (??1Audio@@QEAA@XZ)
Audio.obj : error LNK2019: símbolo externo SDL_QueueAudio sin resolver al que se hace referencia en la función "public: void __cdecl Audio::play(void)" (?play@Audio@@QEAAXXZ)
Audio.obj : error LNK2019: símbolo externo SDL_GetQueuedAudioSize sin resolver al que se hace referencia en la función "public: void __cdecl Audio::play(void)" (?play@Audio@@QEAAXXZ)
Audio.obj : error LNK2019: símbolo externo SDL_ClearQueuedAudio sin resolver al que se hace referencia en la función "public: void __cdecl Audio::play(void)" (?play@Audio@@QEAAXXZ)
Audio.obj : error LNK2019: símbolo externo SDL_CloseAudioDevice sin resolver al que se hace referencia en la función "public: __cdecl Audio::~Audio(void)" (??1Audio@@QEAA@XZ)
Audio.obj : error LNK2019: símbolo externo Mix_OpenAudio sin resolver al que se hace referencia en la función "public: __cdecl Audio::Audio(class std::basic_string<char,struct std::char_traits<char>,class std::allocator<char> >,bool)" (??0Audio@@QEAA@V?$basic_string@DU?$char_traits@D@std@@V?$allocator@D@2@@std@@_N@Z)
Audio.obj : error LNK2019: símbolo externo Mix_LoadMUS sin resolver al que se hace referencia en la función "public: __cdecl Audio::Audio(class std::basic_string<char,struct std::char_traits<char>,class std::allocator<char> >,bool)" (??0Audio@@QEAA@V?$basic_string@DU?$char_traits@D@std@@V?$allocator@D@2@@std@@_N@Z)
Audio.obj : error LNK2019: símbolo externo Mix_FreeMusic sin resolver al que se hace referencia en la función "public: __cdecl Audio::~Audio(void)" (??1Audio@@QEAA@XZ)
Audio.obj : error LNK2019: símbolo externo Mix_PlayMusic sin resolver al que se hace referencia en la función "public: void __cdecl Audio::play(void)" (?play@Audio@@QEAAXXZ)
Audio.obj : error LNK2019: símbolo externo Mix_CloseAudio sin resolver al que se hace referencia en la función "public: __cdecl Audio::~Audio(void)" (??1Audio@@QEAA@XZ)
Game.obj : error LNK2019: símbolo externo SDL_GetError sin resolver al que se hace referencia en la función "public: __cdecl Game::Game(void)" (??0Game@@QEAA@XZ)
Game.obj : error LNK2019: símbolo externo SDL_GetCurrentDisplayMode sin resolver al que se hace referencia en la función "public: void __cdecl Game::scale(void)" (?scale@Game@@QEAAXXZ)
Game.obj : error LNK2019: símbolo externo SDL_SetWindowTitle sin resolver al que se hace referencia en la función "public: __cdecl Game::Game(void)" (??0Game@@QEAA@XZ)
Game.obj : error LNK2019: símbolo externo SDL_SetWindowSize sin resolver al que se hace referencia en la función "public: void __cdecl Game::scale(void)" (?scale@Game@@QEAAXXZ)
Game.obj : error LNK2019: símbolo externo SDL_SetHint sin resolver al que se hace referencia en la función "public: __cdecl Game::Game(void)" (??0Game@@QEAA@XZ)
Game.obj : error LNK2019: símbolo externo SDL_CreateWindowAndRenderer sin resolver al que se hace referencia en la función "public: __cdecl Game::Game(void)" (??0Game@@QEAA@XZ)
Game.obj : error LNK2019: símbolo externo SDL_CreateTextureFromSurface sin resolver al que se hace referencia en la función "public: struct SDL_Texture * __cdecl Game::getTexture(class std::basic_string<char,struct std::char_traits<char>,class std::allocator<char> >)" (?getTexture@Game@@QEAAPEAUSDL_Texture@@V?$basic_string@DU?$char_traits@D@std@@V?$allocator@D@2@@std@@@Z)
Text.obj : error LNK2001: símbolo externo SDL_CreateTextureFromSurface sin resolver
Game.obj : error LNK2019: símbolo externo SDL_RenderSetScale sin resolver al que se hace referencia en la función "public: void __cdecl Game::scale(void)" (?scale@Game@@QEAAXXZ)
Game.obj : error LNK2019: símbolo externo SDL_GetTicks sin resolver al que se hace referencia en la función "public: void __cdecl Game::loop(void)" (?loop@Game@@QEAAXXZ)
Game.obj : error LNK2019: símbolo externo SDL_Delay sin resolver al que se hace referencia en la función "public: void __cdecl Game::loop(void)" (?loop@Game@@QEAAXXZ)
Game.obj : error LNK2019: símbolo externo SDL_Init sin resolver al que se hace referencia en la función "public: __cdecl Game::Game(void)" (??0Game@@QEAA@XZ)
Game.obj : error LNK2019: símbolo externo IMG_Load sin resolver al que se hace referencia en la función "public: struct SDL_Texture * __cdecl Game::getTexture(class std::basic_string<char,struct std::char_traits<char>,class std::allocator<char> >)" (?getTexture@Game@@QEAAPEAUSDL_Texture@@V?$basic_string@DU?$char_traits@D@std@@V?$allocator@D@2@@std@@@Z)
Game.obj : error LNK2019: símbolo externo TTF_Init sin resolver al que se hace referencia en la función "public: __cdecl Game::Game(void)" (??0Game@@QEAA@XZ)
Game.obj : error LNK2019: símbolo externo TTF_OpenFont sin resolver al que se hace referencia en la función "public: __cdecl Game::Game(void)" (??0Game@@QEAA@XZ)
GameLayer.obj : error LNK2019: símbolo externo SDL_GameControllerOpen sin resolver al que se hace referencia en la función "public: __cdecl GameLayer::GameLayer(class Game *)" (??0GameLayer@@QEAA@PEAVGame@@@Z)
MenuLayer.obj : error LNK2001: símbolo externo SDL_GameControllerOpen sin resolver
GameLayer.obj : error LNK2019: símbolo externo SDL_GameControllerGetAxis sin resolver al que se hace referencia en la función "public: void __cdecl GameLayer::gamePadToControls(union SDL_Event)" (?gamePadToControls@GameLayer@@QEAAXTSDL_Event@@@Z)
GameLayer.obj : error LNK2019: símbolo externo SDL_GameControllerGetButton sin resolver al que se hace referencia en la función "public: void __cdecl GameLayer::gamePadToControls(union SDL_Event)" (?gamePadToControls@GameLayer@@QEAAXTSDL_Event@@@Z)
MenuLayer.obj : error LNK2001: símbolo externo SDL_GameControllerGetButton sin resolver
GameLayer.obj : error LNK2019: símbolo externo SDL_PollEvent sin resolver al que se hace referencia en la función "public: virtual void __cdecl GameLayer::processControls(void)" (?processControls@GameLayer@@UEAAXXZ)
MenuLayer.obj : error LNK2001: símbolo externo SDL_PollEvent sin resolver
GameLayer.obj : error LNK2019: símbolo externo SDL_RenderPresent sin resolver al que se hace referencia en la función "public: virtual void __cdecl GameLayer::draw(void)" (?draw@GameLayer@@UEAAXXZ)
MenuLayer.obj : error LNK2001: símbolo externo SDL_RenderPresent sin resolver
Text.obj : error LNK2019: símbolo externo SDL_FreeSurface sin resolver al que se hace referencia en la función "public: void __cdecl Text::draw(void)" (?draw@Text@@QEAAXXZ)
Text.obj : error LNK2019: símbolo externo SDL_RenderCopy sin resolver al que se hace referencia en la función "public: void __cdecl Text::draw(void)" (?draw@Text@@QEAAXXZ)
Text.obj : error LNK2019: símbolo externo SDL_DestroyTexture sin resolver al que se hace referencia en la función "public: void __cdecl Text::draw(void)" (?draw@Text@@QEAAXXZ)
Text.obj : error LNK2019: símbolo externo TTF_RenderText_Blended sin resolver al que se hace referencia en la función "public: void __cdecl Text::draw(void)" (?draw@Text@@QEAAXXZ)
C:\videojuegos\lib\SDL2.lib : warning LNK4272: el tipo de máquina de biblioteca 'x86' está en conflicto con el tipo de máquina de destino 'x64'
C:\videojuegos\lib\SDL2main.lib : warning LNK4272: el tipo de máquina de biblioteca 'x86' está en conflicto con el tipo de máquina de destino 'x64'
C:\videojuegos\lib\SDL2_image.lib : warning LNK4272: el tipo de máquina de biblioteca 'x86' está en conflicto con el tipo de máquina de destino 'x64'
C:\videojuegos\lib\SDL2_ttf.lib : warning LNK4272: el tipo de máquina de biblioteca 'x86' está en conflicto con el tipo de máquina de destino 'x64'
C:\videojuegos\lib\SDL2_mixer.lib : warning LNK4272: el tipo de máquina de biblioteca 'x86' está en conflicto con el tipo de máquina de destino 'x64'
D:\Escritorio 2\Plataformas Solución\x64\Debug\NavesL4.exe : fatal error LNK1120: 38 externos sin resolver
